11:37:08 **** Incremental Build of configuration Debug for project Lab 2 ****
make all 
Building file: ../prime.c
Invoking: Cross GCC Compiler
gcc -O0 -g3 -Wall -c -fmessage-length=0 -MMD -MP -MF"prime.d" -MT"prime.d" -o "prime.o" "../prime.c"
../prime.c: In function ‘main’:
../prime.c:25:1: warning: control reaches end of non-void function [-Wreturn-type]
 }
 ^
Finished building: ../prime.c
 
Building target: Lab 2
Invoking: Cross GCC Linker
gcc  -o "Lab 2"  ./prime.o   
Finished building target: Lab 2
 
11:37:12 **** Incremental Build of configuration Debug for project Lab 2 ****
make all 
make: Nothing to be done for `all'.
11:37:18 **** Incremental Build of configuration Debug for project Lab 2 ****
make all 
make: Nothing to be done for `all'.
11:37:19 **** Incremental Build of configuration Debug for project Lab 2 ****
make all 
make: Nothing to be done for `all'.
11:37:20 **** Incremental Build of configuration Debug for project Lab 2 ****
make all 
make: Nothing to be done for `all'.
11:37:20 **** Incremental Build of configuration Debug for project Lab 2 ****
make all 
make: Nothing to be done for `all'.
